  ZubiNaknakV0.2.cpp
c:\users\win10\desktop\zubinaknakv0.2 (4)\zubinaknakv0.2\zubinaknakv0.2\zubinaknakv0.2.cpp(385): error C2679: binary '<<': no operator found which takes a right-hand operand of type 'std::string' (or there is no acceptable conversion)
  c:\program files (x86)\microsoft visual studio\2017\community\vc\tools\msvc\14.13.26128\include\ostream(487): note: could be 'std::basic_ostream<char,std::char_traits<char>> &std::basic_ostream<char,std::char_traits<char>>::operator <<(std::basic_streambuf<char,std::char_traits<char>> *)'
  c:\program files (x86)\microsoft visual studio\2017\community\vc\tools\msvc\14.13.26128\include\ostream(467): note: or       'std::basic_ostream<char,std::char_traits<char>> &std::basic_ostream<char,std::char_traits<char>>::operator <<(const void *)'
  c:\program files (x86)\microsoft visual studio\2017\community\vc\tools\msvc\14.13.26128\include\ostream(447): note: or       'std::basic_ostream<char,std::char_traits<char>> &std::basic_ostream<char,std::char_traits<char>>::operator <<(long double)'
  c:\program files (x86)\microsoft visual studio\2017\community\vc\tools\msvc\14.13.26128\include\ostream(427): note: or       'std::basic_ostream<char,std::char_traits<char>> &std::basic_ostream<char,std::char_traits<char>>::operator <<(double)'
  c:\program files (x86)\microsoft visual studio\2017\community\vc\tools\msvc\14.13.26128\include\ostream(407): note: or       'std::basic_ostream<char,std::char_traits<char>> &std::basic_ostream<char,std::char_traits<char>>::operator <<(float)'
  c:\program files (x86)\microsoft visual studio\2017\community\vc\tools\msvc\14.13.26128\include\ostream(387): note: or       'std::basic_ostream<char,std::char_traits<char>> &std::basic_ostream<char,std::char_traits<char>>::operator <<(unsigned __int64)'
  c:\program files (x86)\microsoft visual studio\2017\community\vc\tools\msvc\14.13.26128\include\ostream(367): note: or       'std::basic_ostream<char,std::char_traits<char>> &std::basic_ostream<char,std::char_traits<char>>::operator <<(__int64)'
  c:\program files (x86)\microsoft visual studio\2017\community\vc\tools\msvc\14.13.26128\include\ostream(347): note: or       'std::basic_ostream<char,std::char_traits<char>> &std::basic_ostream<char,std::char_traits<char>>::operator <<(unsigned long)'
  c:\program files (x86)\microsoft visual studio\2017\community\vc\tools\msvc\14.13.26128\include\ostream(327): note: or       'std::basic_ostream<char,std::char_traits<char>> &std::basic_ostream<char,std::char_traits<char>>::operator <<(long)'
  c:\program files (x86)\microsoft visual studio\2017\community\vc\tools\msvc\14.13.26128\include\ostream(307): note: or       'std::basic_ostream<char,std::char_traits<char>> &std::basic_ostream<char,std::char_traits<char>>::operator <<(unsigned int)'
  c:\program files (x86)\microsoft visual studio\2017\community\vc\tools\msvc\14.13.26128\include\ostream(282): note: or       'std::basic_ostream<char,std::char_traits<char>> &std::basic_ostream<char,std::char_traits<char>>::operator <<(int)'
  c:\program files (x86)\microsoft visual studio\2017\community\vc\tools\msvc\14.13.26128\include\ostream(262): note: or       'std::basic_ostream<char,std::char_traits<char>> &std::basic_ostream<char,std::char_traits<char>>::operator <<(unsigned short)'
  c:\program files (x86)\microsoft visual studio\2017\community\vc\tools\msvc\14.13.26128\include\ostream(228): note: or       'std::basic_ostream<char,std::char_traits<char>> &std::basic_ostream<char,std::char_traits<char>>::operator <<(short)'
  c:\program files (x86)\microsoft visual studio\2017\community\vc\tools\msvc\14.13.26128\include\ostream(208): note: or       'std::basic_ostream<char,std::char_traits<char>> &std::basic_ostream<char,std::char_traits<char>>::operator <<(bool)'
  c:\program files (x86)\microsoft visual studio\2017\community\vc\tools\msvc\14.13.26128\include\ostream(202): note: or       'std::basic_ostream<char,std::char_traits<char>> &std::basic_ostream<char,std::char_traits<char>>::operator <<(std::ios_base &(__cdecl *)(std::ios_base &))'
  c:\program files (x86)\microsoft visual studio\2017\community\vc\tools\msvc\14.13.26128\include\ostream(196): note: or       'std::basic_ostream<char,std::char_traits<char>> &std::basic_ostream<char,std::char_traits<char>>::operator <<(std::basic_ios<char,std::char_traits<char>> &(__cdecl *)(std::basic_ios<char,std::char_traits<char>> &))'
  c:\program files (x86)\microsoft visual studio\2017\community\vc\tools\msvc\14.13.26128\include\ostream(191): note: or       'std::basic_ostream<char,std::char_traits<char>> &std::basic_ostream<char,std::char_traits<char>>::operator <<(std::basic_ostream<char,std::char_traits<char>> &(__cdecl *)(std::basic_ostream<char,std::char_traits<char>> &))'
  c:\program files (x86)\microsoft visual studio\2017\community\vc\tools\msvc\14.13.26128\include\ostream(1008): note: or       'std::basic_ostream<char,std::char_traits<char>> &std::operator <<<char,std::char_traits<char>>(std::basic_ostream<char,std::char_traits<char>> &,const std::error_code &)'
  c:\program files (x86)\microsoft visual studio\2017\community\vc\tools\msvc\14.13.26128\include\ostream(970): note: or       'std::basic_ostream<char,std::char_traits<char>> &std::operator <<<char,std::char_traits<char>,std::string>(std::basic_ostream<char,std::char_traits<char>> &&,const _Ty &)'
          with
          [
              _Ty=std::string
          ]
  c:\program files (x86)\microsoft visual studio\2017\community\vc\tools\msvc\14.13.26128\include\ostream(960): note: or       'std::basic_ostream<char,std::char_traits<char>> &std::operator <<<std::char_traits<char>>(std::basic_ostream<char,std::char_traits<char>> &,unsigned char)'
  c:\program files (x86)\microsoft visual studio\2017\community\vc\tools\msvc\14.13.26128\include\ostream(953): note: or       'std::basic_ostream<char,std::char_traits<char>> &std::operator <<<std::char_traits<char>>(std::basic_ostream<char,std::char_traits<char>> &,const unsigned char *)'
  c:\program files (x86)\microsoft visual studio\2017\community\vc\tools\msvc\14.13.26128\include\ostream(946): note: or       'std::basic_ostream<char,std::char_traits<char>> &std::operator <<<std::char_traits<char>>(std::basic_ostream<char,std::char_traits<char>> &,signed char)'
  c:\program files (x86)\microsoft visual studio\2017\community\vc\tools\msvc\14.13.26128\include\ostream(939): note: or       'std::basic_ostream<char,std::char_traits<char>> &std::operator <<<std::char_traits<char>>(std::basic_ostream<char,std::char_traits<char>> &,const signed char *)'
  c:\program files (x86)\microsoft visual studio\2017\community\vc\tools\msvc\14.13.26128\include\ostream(813): note: or       'std::basic_ostream<char,std::char_traits<char>> &std::operator <<<std::char_traits<char>>(std::basic_ostream<char,std::char_traits<char>> &,char)'
  c:\program files (x86)\microsoft visual studio\2017\community\vc\tools\msvc\14.13.26128\include\ostream(766): note: or       'std::basic_ostream<char,std::char_traits<char>> &std::operator <<<std::char_traits<char>>(std::basic_ostream<char,std::char_traits<char>> &,const char *)'
  c:\program files (x86)\microsoft visual studio\2017\community\vc\tools\msvc\14.13.26128\include\ostream(728): note: or       'std::basic_ostream<char,std::char_traits<char>> &std::operator <<<char,std::char_traits<char>>(std::basic_ostream<char,std::char_traits<char>> &,char)'
  c:\program files (x86)\microsoft visual studio\2017\community\vc\tools\msvc\14.13.26128\include\ostream(681): note: or       'std::basic_ostream<char,std::char_traits<char>> &std::operator <<<char,std::char_traits<char>>(std::basic_ostream<char,std::char_traits<char>> &,const char *)'
  c:\users\win10\desktop\zubinaknakv0.2 (4)\zubinaknakv0.2\zubinaknakv0.2\zubinaknakv0.2.cpp(385): note: while trying to match the argument list '(std::ostream, std::string)'
c:\users\win10\desktop\zubinaknakv0.2 (4)\zubinaknakv0.2\zubinaknakv0.2\zubinaknakv0.2.cpp(235): warning C4477: 'printf' : format string '%I64d' requires an argument of type '__int64', but variadic argument 1 has type 'LARGE_INTEGER'
c:\users\win10\desktop\zubinaknakv0.2 (4)\zubinaknakv0.2\zubinaknakv0.2\zubinaknakv0.2.cpp(304): warning C4477: 'printf' : format string '%#x' requires an argument of type 'unsigned int', but variadic argument 1 has type 'PVOID'
c:\users\win10\desktop\zubinaknakv0.2 (4)\zubinaknakv0.2\zubinaknakv0.2\zubinaknakv0.2.cpp(334): warning C4477: 'printf' : format string '%d' requires an argument of type 'int', but variadic argument 2 has type 'HANDLE'
c:\users\win10\desktop\zubinaknakv0.2 (4)\zubinaknakv0.2\zubinaknakv0.2\zubinaknakv0.2.cpp(517): warning C4477: 'printf' : format string '%s' requires an argument of type 'char *', but variadic argument 1 has type 'WCHAR *'
  c:\users\win10\desktop\zubinaknakv0.2 (4)\zubinaknakv0.2\zubinaknakv0.2\zubinaknakv0.2.cpp(517): note: consider using '%ls' in the format string
  c:\users\win10\desktop\zubinaknakv0.2 (4)\zubinaknakv0.2\zubinaknakv0.2\zubinaknakv0.2.cpp(517): note: consider using '%lls' in the format string
  c:\users\win10\desktop\zubinaknakv0.2 (4)\zubinaknakv0.2\zubinaknakv0.2\zubinaknakv0.2.cpp(517): note: consider using '%Ls' in the format string
  c:\users\win10\desktop\zubinaknakv0.2 (4)\zubinaknakv0.2\zubinaknakv0.2\zubinaknakv0.2.cpp(517): note: consider using '%ws' in the format string
c:\users\win10\desktop\zubinaknakv0.2 (4)\zubinaknakv0.2\zubinaknakv0.2\zubinaknakv0.2.cpp(517): warning C4477: 'printf' : format string '%s' requires an argument of type 'char *', but variadic argument 2 has type 'WCHAR *'
  c:\users\win10\desktop\zubinaknakv0.2 (4)\zubinaknakv0.2\zubinaknakv0.2\zubinaknakv0.2.cpp(517): note: consider using '%ls' in the format string
  c:\users\win10\desktop\zubinaknakv0.2 (4)\zubinaknakv0.2\zubinaknakv0.2\zubinaknakv0.2.cpp(517): note: consider using '%lls' in the format string
  c:\users\win10\desktop\zubinaknakv0.2 (4)\zubinaknakv0.2\zubinaknakv0.2\zubinaknakv0.2.cpp(517): note: consider using '%Ls' in the format string
  c:\users\win10\desktop\zubinaknakv0.2 (4)\zubinaknakv0.2\zubinaknakv0.2\zubinaknakv0.2.cpp(517): note: consider using '%ws' in the format string
c:\users\win10\desktop\zubinaknakv0.2 (4)\zubinaknakv0.2\zubinaknakv0.2\zubinaknakv0.2.cpp(584): error C2447: '{': missing function header (old-style formal list?)
